2018-05-11T12:56:12:267 [03392] | INFO  | Initializing crosire's ReShade version '3.2.2.273' (32-bit) built on '2018-04-22 19:01:35' loaded from 'D:\EVE\SharedCache\tq\bin\d3d9.dll' to 'D:\EVE\SharedCache\tq\bin\exefile.exe' ...
2018-05-11T12:56:12:267 [03392] | INFO  | Installing hook for 'LoadLibraryA' at 0x754548C7 with 0x77C92510 using method 1 ...
2018-05-11T12:56:12:267 [03392] | INFO  | > Succeeded.
2018-05-11T12:56:12:277 [03392] | INFO  | Installing hook for 'LoadLibraryExA' at 0x75454803 with 0x77C92740 using method 1 ...
2018-05-11T12:56:12:277 [03392] | INFO  | > Succeeded.
2018-05-11T12:56:12:286 [03392] | INFO  | Installing hook for 'LoadLibraryW' at 0x7545481B with 0x77C92810 using method 1 ...
2018-05-11T12:56:12:286 [03392] | INFO  | > Succeeded.
2018-05-11T12:56:12:295 [03392] | INFO  | Installing hook for 'LoadLibraryExW' at 0x7545484D with 0x77C92A40 using method 1 ...
2018-05-11T12:56:12:295 [03392] | INFO  | > Succeeded.
2018-05-11T12:56:12:305 [03392] | INFO  | Registering hooks for 'C:\Windows\system32\d3d9.dll' ...
2018-05-11T12:56:12:305 [03392] | INFO  | > Delayed until first call to an exported function.
2018-05-11T12:56:12:306 [03392] | INFO  | Registering hooks for 'C:\Windows\system32\d3d10.dll' ...
2018-05-11T12:56:12:309 [03392] | INFO  | > Delayed.
2018-05-11T12:56:12:309 [03392] | INFO  | Registering hooks for 'C:\Windows\system32\d3d10_1.dll' ...
2018-05-11T12:56:12:310 [03392] | INFO  | > Delayed.
2018-05-11T12:56:12:310 [03392] | INFO  | Registering hooks for 'C:\Windows\system32\d3d11.dll' ...
2018-05-11T12:56:12:311 [03392] | INFO  | > Delayed.
2018-05-11T12:56:12:311 [03392] | INFO  | Registering hooks for 'C:\Windows\system32\dxgi.dll' ...
2018-05-11T12:56:12:312 [03392] | INFO  | > Delayed.
2018-05-11T12:56:12:312 [03392] | INFO  | Registering hooks for 'C:\Windows\system32\opengl32.dll' ...
2018-05-11T12:56:12:312 [03392] | INFO  | > Delayed.
2018-05-11T12:56:12:312 [03392] | INFO  | Registering hooks for 'C:\Windows\system32\user32.dll' ...
2018-05-11T12:56:12:313 [03392] | INFO  | > Libraries loaded.
2018-05-11T12:56:12:313 [03392] | INFO  | > Dumping matches in export table:
2018-05-11T12:56:12:313 [03392] | INFO  |   +--------------------+---------+----------------------------------------------------+
2018-05-11T12:56:12:313 [03392] | INFO  |   | Address            | Ordinal | Name                                               |
2018-05-11T12:56:12:313 [03392] | INFO  |   +--------------------+---------+----------------------------------------------------+
2018-05-11T12:56:12:313 [03392] | INFO  |   | 0x76801230         | 1797    | GetCursorPos                                       |
2018-05-11T12:56:12:313 [03392] | INFO  |   | 0x767F7BD3         | 1854    | GetMessageA                                        |
2018-05-11T12:56:12:313 [03392] | INFO  |   | 0x767F78E2         | 1858    | GetMessageW                                        |
2018-05-11T12:56:12:313 [03392] | INFO  |   | 0x76807044         | 2075    | PeekMessageA                                       |
2018-05-11T12:56:12:313 [03392] | INFO  |   | 0x768005D2         | 2076    | PeekMessageW                                       |
2018-05-11T12:56:12:313 [03392] | INFO  |   | 0x76804BBC         | 2078    | PostMessageA                                       |
2018-05-11T12:56:12:313 [03392] | INFO  |   | 0x768012BD         | 2079    | PostMessageW                                       |
2018-05-11T12:56:12:313 [03392] | INFO  |   | 0x7680541E         | 2100    | RegisterClassA                                     |
2018-05-11T12:56:12:313 [03392] | INFO  |   | 0x767FDBA8         | 2101    | RegisterClassExA                                   |
2018-05-11T12:56:12:313 [03392] | INFO  |   | 0x767FB185         | 2102    | RegisterClassExW                                   |
2018-05-11T12:56:12:313 [03392] | INFO  |   | 0x767F8A65         | 2103    | RegisterClassW                                     |
2018-05-11T12:56:12:313 [03392] | INFO  |   | 0x76858983         | 2115    | RegisterRawInputDevices                            |
2018-05-11T12:56:12:313 [03392] | INFO  |   | 0x76839D84         | 2163    | SetCursorPos                                       |
2018-05-11T12:56:12:313 [03392] | INFO  |   +--------------------+---------+----------------------------------------------------+
2018-05-11T12:56:12:313 [03392] | INFO  | > Found 13 match(es). Installing ...
2018-05-11T12:56:12:313 [03392] | INFO  | Installing hook for 'GetCursorPos' at 0x76801230 with 0x77C99070 using method 1 ...
2018-05-11T12:56:12:313 [03392] | INFO  | > Succeeded.
2018-05-11T12:56:12:313 [03392] | INFO  | Installing hook for 'GetMessageA' at 0x767F7BD3 with 0x77C98640 using method 1 ...
2018-05-11T12:56:12:314 [03392] | INFO  | > Succeeded.
2018-05-11T12:56:12:314 [03392] | INFO  | Installing hook for 'GetMessageW' at 0x767F78E2 with 0x77C986E0 using method 1 ...
2018-05-11T12:56:12:314 [03392] | INFO  | > Succeeded.
2018-05-11T12:56:12:314 [03392] | INFO  | Installing hook for 'PeekMessageA' at 0x76807044 with 0x77C98780 using method 1 ...
2018-05-11T12:56:12:314 [03392] | INFO  | > Succeeded.
2018-05-11T12:56:12:314 [03392] | INFO  | Installing hook for 'PeekMessageW' at 0x768005D2 with 0x77C98820 using method 1 ...
2018-05-11T12:56:12:314 [03392] | INFO  | > Succeeded.
2018-05-11T12:56:12:314 [03392] | INFO  | Installing hook for 'PostMessageA' at 0x76804BBC with 0x77C98EF0 using method 1 ...
2018-05-11T12:56:12:314 [03392] | INFO  | > Succeeded.
2018-05-11T12:56:12:314 [03392] | INFO  | Installing hook for 'PostMessageW' at 0x768012BD with 0x77C98F70 using method 1 ...
2018-05-11T12:56:12:314 [03392] | INFO  | > Succeeded.
2018-05-11T12:56:12:314 [03392] | INFO  | Installing hook for 'RegisterClassA' at 0x7680541E with 0x77CDA540 using method 1 ...
2018-05-11T12:56:12:314 [03392] | INFO  | > Succeeded.
2018-05-11T12:56:12:314 [03392] | INFO  | Installing hook for 'RegisterClassExA' at 0x767FDBA8 with 0x77CDA800 using method 1 ...
2018-05-11T12:56:12:314 [03392] | INFO  | > Succeeded.
2018-05-11T12:56:12:314 [03392] | INFO  | Installing hook for 'RegisterClassExW' at 0x767FB185 with 0x77CDA960 using method 1 ...
2018-05-11T12:56:12:314 [03392] | INFO  | > Succeeded.
2018-05-11T12:56:12:314 [03392] | INFO  | Installing hook for 'RegisterClassW' at 0x767F8A65 with 0x77CDA6A0 using method 1 ...
2018-05-11T12:56:12:314 [03392] | INFO  | > Succeeded.
2018-05-11T12:56:12:314 [03392] | INFO  | Installing hook for 'RegisterRawInputDevices' at 0x76858983 with 0x77C988C0 using method 1 ...
2018-05-11T12:56:12:314 [03392] | INFO  | > Succeeded.
2018-05-11T12:56:12:314 [03392] | INFO  | Installing hook for 'SetCursorPos' at 0x76839D84 with 0x77C98FF0 using method 1 ...
2018-05-11T12:56:12:314 [03392] | INFO  | > Succeeded.
2018-05-11T12:56:12:323 [03392] | INFO  | Registering hooks for 'C:\Windows\system32\ws2_32.dll' ...
2018-05-11T12:56:12:324 [03392] | INFO  | > Libraries loaded.
2018-05-11T12:56:12:324 [03392] | INFO  | > Dumping matches in export table:
2018-05-11T12:56:12:324 [03392] | INFO  |   +--------------------+---------+----------------------------------------------------+
2018-05-11T12:56:12:324 [03392] | INFO  |   | Address            | Ordinal | Name                                               |
2018-05-11T12:56:12:324 [03392] | INFO  |   +--------------------+---------+----------------------------------------------------+
2018-05-11T12:56:12:324 [03392] | INFO  |   | 0x751B6DA1         | 87      | WSARecv                                            |
2018-05-11T12:56:12:324 [03392] | INFO  |   | 0x751BE8DE         | 89      | WSARecvFrom                                        |
2018-05-11T12:56:12:324 [03392] | INFO  |   | 0x751B4406         | 92      | WSASend                                            |
2018-05-11T12:56:12:324 [03392] | INFO  |   | 0x751CB38C         | 95      | WSASendTo                                          |
2018-05-11T12:56:12:324 [03392] | INFO  |   | 0x751B6826         | 16      | recv                                               |
2018-05-11T12:56:12:324 [03392] | INFO  |   | 0x751BD414         | 17      | recvfrom                                           |
2018-05-11T12:56:12:324 [03392] | INFO  |   | 0x751B6C19         | 19      | send                                               |
2018-05-11T12:56:12:324 [03392] | INFO  |   | 0x751B34B5         | 20      | sendto                                             |
2018-05-11T12:56:12:324 [03392] | INFO  |   +--------------------+---------+----------------------------------------------------+
2018-05-11T12:56:12:324 [03392] | INFO  | > Found 8 match(es). Installing ...
2018-05-11T12:56:12:324 [03392] | INFO  | Installing hook for 'WSARecv' at 0x751B6DA1 with 0x77CDABF0 using method 1 ...
2018-05-11T12:56:12:324 [03392] | INFO  | > Succeeded.
2018-05-11T12:56:12:324 [03392] | INFO  | Installing hook for 'WSARecvFrom' at 0x751BE8DE with 0x77CDAD00 using method 1 ...
2018-05-11T12:56:12:324 [03392] | INFO  | > Succeeded.
2018-05-11T12:56:12:324 [03392] | INFO  | Installing hook for 'WSASend' at 0x751B4406 with 0x77CDAAC0 using method 1 ...
2018-05-11T12:56:12:324 [03392] | INFO  | > Succeeded.
2018-05-11T12:56:12:324 [03392] | INFO  | Installing hook for 'WSASendTo' at 0x751CB38C with 0x77CDAB50 using method 1 ...
2018-05-11T12:56:12:324 [03392] | INFO  | > Succeeded.
2018-05-11T12:56:12:324 [03392] | INFO  | Installing hook for 'recv' at 0x751B6826 with 0x77CDAE90 using method 1 ...
2018-05-11T12:56:12:324 [03392] | INFO  | > Succeeded.
2018-05-11T12:56:12:324 [03392] | INFO  | Installing hook for 'recvfrom' at 0x751BD414 with 0x77CDAF10 using method 1 ...
2018-05-11T12:56:12:324 [03392] | INFO  | > Succeeded.
2018-05-11T12:56:12:324 [03392] | INFO  | Installing hook for 'send' at 0x751B6C19 with 0x77CDAD90 using method 1 ...
2018-05-11T12:56:12:324 [03392] | INFO  | > Succeeded.
2018-05-11T12:56:12:324 [03392] | INFO  | Installing hook for 'sendto' at 0x751B34B5 with 0x77CDAE10 using method 1 ...
2018-05-11T12:56:12:324 [03392] | INFO  | > Succeeded.
2018-05-11T12:56:12:333 [03392] | INFO  | Initialized.
2018-05-11T12:56:12:334 [03392] | INFO  | Redirecting 'Direct3DCreate9(32)' ...
2018-05-11T12:56:12:336 [03392] | INFO  | Installing export hooks for 'C:\Windows\system32\d3d9.dll' ...
2018-05-11T12:56:12:337 [03392] | INFO  | > Dumping matches in export table:
2018-05-11T12:56:12:337 [03392] | INFO  |   +--------------------+---------+----------------------------------------------------+
2018-05-11T12:56:12:337 [03392] | INFO  |   | Address            | Ordinal | Name                                               |
2018-05-11T12:56:12:337 [03392] | INFO  |   +--------------------+---------+----------------------------------------------------+
2018-05-11T12:56:12:337 [03392] | INFO  |   | 0x59C471DB         | 4       | D3DPERF_BeginEvent                                 |
2018-05-11T12:56:12:337 [03392] | INFO  |   | 0x59C47249         | 5       | D3DPERF_EndEvent                                   |
2018-05-11T12:56:12:337 [03392] | INFO  |   | 0x59C4746D         | 6       | D3DPERF_GetStatus                                  |
2018-05-11T12:56:12:337 [03392] | INFO  |   | 0x59C4738D         | 7       | D3DPERF_QueryRepeatFrame                           |
2018-05-11T12:56:12:337 [03392] | INFO  |   | 0x59C472B5         | 8       | D3DPERF_SetMarker                                  |
2018-05-11T12:56:12:337 [03392] | INFO  |   | 0x59C47402         | 9       | D3DPERF_SetOptions                                 |
2018-05-11T12:56:12:337 [03392] | INFO  |   | 0x59C47321         | 10      | D3DPERF_SetRegion                                  |
2018-05-11T12:56:12:337 [03392] | INFO  |   | 0x59C00A62         | 13      | Direct3DCreate9                                    |
2018-05-11T12:56:12:337 [03392] | INFO  |   | 0x59BACCD5         | 14      | Direct3DCreate9Ex                                  |
2018-05-11T12:56:12:337 [03392] | INFO  |   +--------------------+---------+----------------------------------------------------+
2018-05-11T12:56:12:337 [03392] | INFO  | > Found 9 match(es). Installing ...
2018-05-11T12:56:12:337 [03392] | INFO  | Installing hook for 'D3DPERF_BeginEvent' at 0x59C471DB with 0x77C7F480 using method 0 ...
2018-05-11T12:56:12:337 [03392] | INFO  | > Succeeded.
2018-05-11T12:56:12:337 [03392] | INFO  | Installing hook for 'D3DPERF_EndEvent' at 0x59C47249 with 0x77C67DC0 using method 0 ...
2018-05-11T12:56:12:337 [03392] | INFO  | > Succeeded.
2018-05-11T12:56:12:337 [03392] | INFO  | Installing hook for 'D3DPERF_GetStatus' at 0x59C4746D with 0x77C67DC0 using method 0 ...
2018-05-11T12:56:12:337 [03392] | INFO  | > Succeeded.
2018-05-11T12:56:12:337 [03392] | INFO  | Installing hook for 'D3DPERF_QueryRepeatFrame' at 0x59C4738D with 0x77C67DC0 using method 0 ...
2018-05-11T12:56:12:337 [03392] | INFO  | > Succeeded.
2018-05-11T12:56:12:337 [03392] | INFO  | Installing hook for 'D3DPERF_SetMarker' at 0x59C472B5 with 0x77C7F490 using method 0 ...
2018-05-11T12:56:12:337 [03392] | INFO  | > Succeeded.
2018-05-11T12:56:12:337 [03392] | INFO  | Installing hook for 'D3DPERF_SetOptions' at 0x59C47402 with 0x77C67DB0 using method 0 ...
2018-05-11T12:56:12:337 [03392] | INFO  | > Succeeded.
2018-05-11T12:56:12:337 [03392] | INFO  | Installing hook for 'D3DPERF_SetRegion' at 0x59C47321 with 0x77C7F490 using method 0 ...
2018-05-11T12:56:12:337 [03392] | INFO  | > Succeeded.
2018-05-11T12:56:12:337 [03392] | INFO  | Installing hook for 'Direct3DCreate9' at 0x59C00A62 with 0x77C7F4A0 using method 0 ...
2018-05-11T12:56:12:337 [03392] | INFO  | > Succeeded.
2018-05-11T12:56:12:337 [03392] | INFO  | Installing hook for 'Direct3DCreate9Ex' at 0x59BACCD5 with 0x77C7F5F0 using method 0 ...
2018-05-11T12:56:12:337 [03392] | INFO  | > Succeeded.
2018-05-11T12:56:12:357 [03392] | INFO  | Installing hook for 'IDirect3D9::CreateDevice' at 0x59BC2E0E with 0x77C7E970 using method 2 ...
2018-05-11T12:56:12:357 [03392] | INFO  | > Succeeded.
2018-05-11T12:56:12:357 [03392] | INFO  | Returning 'IDirect3D9' object 05AF07E0
2018-05-11T12:56:12:358 [03392] | INFO  | Exiting ...
2018-05-11T12:56:12:358 [03392] | INFO  | Uninstalling 35 hook(s) ...
2018-05-11T12:56:12:368 [03392] | INFO  | Uninstalling hook for 'LoadLibraryA' ...
2018-05-11T12:56:12:368 [03392] | INFO  | > Succeeded.
2018-05-11T12:56:12:368 [03392] | INFO  | Uninstalling hook for 'LoadLibraryExA' ...
2018-05-11T12:56:12:368 [03392] | INFO  | > Succeeded.
2018-05-11T12:56:12:368 [03392] | INFO  | Uninstalling hook for 'LoadLibraryW' ...
2018-05-11T12:56:12:368 [03392] | INFO  | > Succeeded.
2018-05-11T12:56:12:368 [03392] | INFO  | Uninstalling hook for 'LoadLibraryExW' ...
2018-05-11T12:56:12:368 [03392] | INFO  | > Succeeded.
2018-05-11T12:56:12:368 [03392] | INFO  | Uninstalling hook for 'GetCursorPos' ...
2018-05-11T12:56:12:368 [03392] | INFO  | > Succeeded.
2018-05-11T12:56:12:368 [03392] | INFO  | Uninstalling hook for 'GetMessageA' ...
2018-05-11T12:56:12:368 [03392] | INFO  | > Succeeded.
2018-05-11T12:56:12:368 [03392] | INFO  | Uninstalling hook for 'GetMessageW' ...
2018-05-11T12:56:12:368 [03392] | INFO  | > Succeeded.
2018-05-11T12:56:12:368 [03392] | INFO  | Uninstalling hook for 'PeekMessageA' ...
2018-05-11T12:56:12:368 [03392] | INFO  | > Succeeded.
2018-05-11T12:56:12:368 [03392] | INFO  | Uninstalling hook for 'PeekMessageW' ...
2018-05-11T12:56:12:368 [03392] | INFO  | > Succeeded.
2018-05-11T12:56:12:368 [03392] | INFO  | Uninstalling hook for 'PostMessageA' ...
2018-05-11T12:56:12:368 [03392] | INFO  | > Succeeded.
2018-05-11T12:56:12:368 [03392] | INFO  | Uninstalling hook for 'PostMessageW' ...
2018-05-11T12:56:12:368 [03392] | INFO  | > Succeeded.
2018-05-11T12:56:12:368 [03392] | INFO  | Uninstalling hook for 'RegisterClassA' ...
2018-05-11T12:56:12:368 [03392] | INFO  | > Succeeded.
2018-05-11T12:56:12:368 [03392] | INFO  | Uninstalling hook for 'RegisterClassExA' ...
2018-05-11T12:56:12:368 [03392] | INFO  | > Succeeded.
2018-05-11T12:56:12:368 [03392] | INFO  | Uninstalling hook for 'RegisterClassExW' ...
2018-05-11T12:56:12:368 [03392] | INFO  | > Succeeded.
2018-05-11T12:56:12:368 [03392] | INFO  | Uninstalling hook for 'RegisterClassW' ...
2018-05-11T12:56:12:368 [03392] | INFO  | > Succeeded.
2018-05-11T12:56:12:368 [03392] | INFO  | Uninstalling hook for 'RegisterRawInputDevices' ...
2018-05-11T12:56:12:368 [03392] | INFO  | > Succeeded.
2018-05-11T12:56:12:368 [03392] | INFO  | Uninstalling hook for 'SetCursorPos' ...
2018-05-11T12:56:12:368 [03392] | INFO  | > Succeeded.
2018-05-11T12:56:12:368 [03392] | INFO  | Uninstalling hook for 'WSARecv' ...
2018-05-11T12:56:12:368 [03392] | INFO  | > Succeeded.
2018-05-11T12:56:12:368 [03392] | INFO  | Uninstalling hook for 'WSARecvFrom' ...
2018-05-11T12:56:12:368 [03392] | INFO  | > Succeeded.
2018-05-11T12:56:12:368 [03392] | INFO  | Uninstalling hook for 'WSASend' ...
2018-05-11T12:56:12:368 [03392] | INFO  | > Succeeded.
2018-05-11T12:56:12:368 [03392] | INFO  | Uninstalling hook for 'WSASendTo' ...
2018-05-11T12:56:12:368 [03392] | INFO  | > Succeeded.
2018-05-11T12:56:12:368 [03392] | INFO  | Uninstalling hook for 'recv' ...
2018-05-11T12:56:12:368 [03392] | INFO  | > Succeeded.
2018-05-11T12:56:12:368 [03392] | INFO  | Uninstalling hook for 'recvfrom' ...
2018-05-11T12:56:12:368 [03392] | INFO  | > Succeeded.
2018-05-11T12:56:12:368 [03392] | INFO  | Uninstalling hook for 'send' ...
2018-05-11T12:56:12:368 [03392] | INFO  | > Succeeded.
2018-05-11T12:56:12:368 [03392] | INFO  | Uninstalling hook for 'sendto' ...
2018-05-11T12:56:12:368 [03392] | INFO  | > Succeeded.
2018-05-11T12:56:12:368 [03392] | INFO  | Uninstalling hook for 'D3DPERF_BeginEvent' ...
2018-05-11T12:56:12:368 [03392] | INFO  | > Skipped.
2018-05-11T12:56:12:368 [03392] | INFO  | Uninstalling hook for 'D3DPERF_EndEvent' ...
2018-05-11T12:56:12:368 [03392] | INFO  | > Skipped.
2018-05-11T12:56:12:368 [03392] | INFO  | Uninstalling hook for 'D3DPERF_GetStatus' ...
2018-05-11T12:56:12:368 [03392] | INFO  | > Skipped.
2018-05-11T12:56:12:368 [03392] | INFO  | Uninstalling hook for 'D3DPERF_QueryRepeatFrame' ...
2018-05-11T12:56:12:368 [03392] | INFO  | > Skipped.
2018-05-11T12:56:12:368 [03392] | INFO  | Uninstalling hook for 'D3DPERF_SetMarker' ...
2018-05-11T12:56:12:368 [03392] | INFO  | > Skipped.
2018-05-11T12:56:12:368 [03392] | INFO  | Uninstalling hook for 'D3DPERF_SetOptions' ...
2018-05-11T12:56:12:368 [03392] | INFO  | > Skipped.
2018-05-11T12:56:12:368 [03392] | INFO  | Uninstalling hook for 'D3DPERF_SetRegion' ...
2018-05-11T12:56:12:368 [03392] | INFO  | > Skipped.
2018-05-11T12:56:12:368 [03392] | INFO  | Uninstalling hook for 'Direct3DCreate9' ...
2018-05-11T12:56:12:368 [03392] | INFO  | > Skipped.
2018-05-11T12:56:12:368 [03392] | INFO  | Uninstalling hook for 'Direct3DCreate9Ex' ...
2018-05-11T12:56:12:368 [03392] | INFO  | > Skipped.
2018-05-11T12:56:12:368 [03392] | INFO  | Uninstalling hook for 'IDirect3D9::CreateDevice' ...
2018-05-11T12:56:12:368 [03392] | INFO  | > Succeeded.
2018-05-11T12:56:12:368 [03392] | INFO  | Exited.
