2018-05-11T12:56:12:387 [03392] | INFO  | Initializing crosire's ReShade version '3.2.2.273' (32-bit) built on '2018-04-22 19:01:35' loaded from 'D:\EVE\SharedCache\tq\bin\dxgi.dll' to 'D:\EVE\SharedCache\tq\bin\exefile.exe' ...
2018-05-11T12:56:12:388 [03392] | INFO  | Installing hook for 'LoadLibraryA' at 0x754548C7 with 0x77C92510 using method 1 ...
2018-05-11T12:56:12:388 [03392] | INFO  | > Succeeded.
2018-05-11T12:56:12:397 [03392] | INFO  | Installing hook for 'LoadLibraryExA' at 0x75454803 with 0x77C92740 using method 1 ...
2018-05-11T12:56:12:397 [03392] | INFO  | > Succeeded.
2018-05-11T12:56:12:407 [03392] | INFO  | Installing hook for 'LoadLibraryW' at 0x7545481B with 0x77C92810 using method 1 ...
2018-05-11T12:56:12:407 [03392] | INFO  | > Succeeded.
2018-05-11T12:56:12:416 [03392] | INFO  | Installing hook for 'LoadLibraryExW' at 0x7545484D with 0x77C92A40 using method 1 ...
2018-05-11T12:56:12:416 [03392] | INFO  | > Succeeded.
2018-05-11T12:56:12:426 [03392] | INFO  | Registering hooks for 'C:\Windows\system32\d3d9.dll' ...
2018-05-11T12:56:12:426 [03392] | INFO  | > Libraries loaded.
2018-05-11T12:56:12:426 [03392] | INFO  | > Dumping matches in export table:
2018-05-11T12:56:12:426 [03392] | INFO  |   +--------------------+---------+----------------------------------------------------+
2018-05-11T12:56:12:426 [03392] | INFO  |   | Address            | Ordinal | Name                                               |
2018-05-11T12:56:12:426 [03392] | INFO  |   +--------------------+---------+----------------------------------------------------+
2018-05-11T12:56:12:426 [03392] | INFO  |   | 0x59C471DB         | 4       | D3DPERF_BeginEvent                                 |
2018-05-11T12:56:12:426 [03392] | INFO  |   | 0x59C47249         | 5       | D3DPERF_EndEvent                                   |
2018-05-11T12:56:12:426 [03392] | INFO  |   | 0x59C4746D         | 6       | D3DPERF_GetStatus                                  |
2018-05-11T12:56:12:426 [03392] | INFO  |   | 0x59C4738D         | 7       | D3DPERF_QueryRepeatFrame                           |
2018-05-11T12:56:12:426 [03392] | INFO  |   | 0x59C472B5         | 8       | D3DPERF_SetMarker                                  |
2018-05-11T12:56:12:426 [03392] | INFO  |   | 0x59C47402         | 9       | D3DPERF_SetOptions                                 |
2018-05-11T12:56:12:426 [03392] | INFO  |   | 0x59C47321         | 10      | D3DPERF_SetRegion                                  |
2018-05-11T12:56:12:426 [03392] | INFO  |   | 0x59C00A62         | 13      | Direct3DCreate9                                    |
2018-05-11T12:56:12:426 [03392] | INFO  |   | 0x59BACCD5         | 14      | Direct3DCreate9Ex                                  |
2018-05-11T12:56:12:426 [03392] | INFO  |   +--------------------+---------+----------------------------------------------------+
2018-05-11T12:56:12:426 [03392] | INFO  | > Found 9 match(es). Installing ...
2018-05-11T12:56:12:426 [03392] | INFO  | Installing hook for 'D3DPERF_BeginEvent' at 0x59C471DB with 0x77C7F480 using method 1 ...
2018-05-11T12:56:12:426 [03392] | INFO  | > Succeeded.
2018-05-11T12:56:12:426 [03392] | INFO  | Installing hook for 'D3DPERF_EndEvent' at 0x59C47249 with 0x77C67DC0 using method 1 ...
2018-05-11T12:56:12:426 [03392] | INFO  | > Succeeded.
2018-05-11T12:56:12:426 [03392] | INFO  | Installing hook for 'D3DPERF_GetStatus' at 0x59C4746D with 0x77C67DC0 using method 1 ...
2018-05-11T12:56:12:426 [03392] | INFO  | > Succeeded.
2018-05-11T12:56:12:426 [03392] | INFO  | Installing hook for 'D3DPERF_QueryRepeatFrame' at 0x59C4738D with 0x77C67DC0 using method 1 ...
2018-05-11T12:56:12:426 [03392] | INFO  | > Succeeded.
2018-05-11T12:56:12:426 [03392] | INFO  | Installing hook for 'D3DPERF_SetMarker' at 0x59C472B5 with 0x77C7F490 using method 1 ...
2018-05-11T12:56:12:426 [03392] | INFO  | > Succeeded.
2018-05-11T12:56:12:426 [03392] | INFO  | Installing hook for 'D3DPERF_SetOptions' at 0x59C47402 with 0x77C67DB0 using method 1 ...
2018-05-11T12:56:12:426 [03392] | INFO  | > Succeeded.
2018-05-11T12:56:12:426 [03392] | INFO  | Installing hook for 'D3DPERF_SetRegion' at 0x59C47321 with 0x77C7F490 using method 1 ...
2018-05-11T12:56:12:426 [03392] | INFO  | > Succeeded.
2018-05-11T12:56:12:426 [03392] | INFO  | Installing hook for 'Direct3DCreate9' at 0x59C00A62 with 0x77C7F4A0 using method 1 ...
2018-05-11T12:56:12:426 [03392] | INFO  | > Succeeded.
2018-05-11T12:56:12:426 [03392] | INFO  | Installing hook for 'Direct3DCreate9Ex' at 0x59BACCD5 with 0x77C7F5F0 using method 1 ...
2018-05-11T12:56:12:427 [03392] | INFO  | > Succeeded.
2018-05-11T12:56:12:436 [03392] | INFO  | Registering hooks for 'C:\Windows\system32\d3d10.dll' ...
2018-05-11T12:56:12:437 [03392] | INFO  | > Delayed.
2018-05-11T12:56:12:437 [03392] | INFO  | Registering hooks for 'C:\Windows\system32\d3d10_1.dll' ...
2018-05-11T12:56:12:437 [03392] | INFO  | > Delayed.
2018-05-11T12:56:12:438 [03392] | INFO  | Registering hooks for 'C:\Windows\system32\d3d11.dll' ...
2018-05-11T12:56:12:438 [03392] | INFO  | > Delayed.
2018-05-11T12:56:12:438 [03392] | INFO  | Registering hooks for 'C:\Windows\system32\dxgi.dll' ...
2018-05-11T12:56:12:439 [03392] | INFO  | > Delayed until first call to an exported function.
2018-05-11T12:56:12:439 [03392] | INFO  | Registering hooks for 'C:\Windows\system32\opengl32.dll' ...
2018-05-11T12:56:12:439 [03392] | INFO  | > Delayed.
2018-05-11T12:56:12:439 [03392] | INFO  | Registering hooks for 'C:\Windows\system32\user32.dll' ...
2018-05-11T12:56:12:440 [03392] | INFO  | > Libraries loaded.
2018-05-11T12:56:12:440 [03392] | INFO  | > Dumping matches in export table:
2018-05-11T12:56:12:440 [03392] | INFO  |   +--------------------+---------+----------------------------------------------------+
2018-05-11T12:56:12:440 [03392] | INFO  |   | Address            | Ordinal | Name                                               |
2018-05-11T12:56:12:440 [03392] | INFO  |   +--------------------+---------+----------------------------------------------------+
2018-05-11T12:56:12:440 [03392] | INFO  |   | 0x76801230         | 1797    | GetCursorPos                                       |
2018-05-11T12:56:12:440 [03392] | INFO  |   | 0x767F7BD3         | 1854    | GetMessageA                                        |
2018-05-11T12:56:12:440 [03392] | INFO  |   | 0x767F78E2         | 1858    | GetMessageW                                        |
2018-05-11T12:56:12:440 [03392] | INFO  |   | 0x76807044         | 2075    | PeekMessageA                                       |
2018-05-11T12:56:12:440 [03392] | INFO  |   | 0x768005D2         | 2076    | PeekMessageW                                       |
2018-05-11T12:56:12:440 [03392] | INFO  |   | 0x76804BBC         | 2078    | PostMessageA                                       |
2018-05-11T12:56:12:440 [03392] | INFO  |   | 0x768012BD         | 2079    | PostMessageW                                       |
2018-05-11T12:56:12:440 [03392] | INFO  |   | 0x7680541E         | 2100    | RegisterClassA                                     |
2018-05-11T12:56:12:440 [03392] | INFO  |   | 0x767FDBA8         | 2101    | RegisterClassExA                                   |
2018-05-11T12:56:12:440 [03392] | INFO  |   | 0x767FB185         | 2102    | RegisterClassExW                                   |
2018-05-11T12:56:12:440 [03392] | INFO  |   | 0x767F8A65         | 2103    | RegisterClassW                                     |
2018-05-11T12:56:12:440 [03392] | INFO  |   | 0x76858983         | 2115    | RegisterRawInputDevices                            |
2018-05-11T12:56:12:440 [03392] | INFO  |   | 0x76839D84         | 2163    | SetCursorPos                                       |
2018-05-11T12:56:12:440 [03392] | INFO  |   +--------------------+---------+----------------------------------------------------+
2018-05-11T12:56:12:440 [03392] | INFO  | > Found 13 match(es). Installing ...
2018-05-11T12:56:12:440 [03392] | INFO  | Installing hook for 'GetCursorPos' at 0x76801230 with 0x77C99070 using method 1 ...
2018-05-11T12:56:12:440 [03392] | INFO  | > Succeeded.
2018-05-11T12:56:12:440 [03392] | INFO  | Installing hook for 'GetMessageA' at 0x767F7BD3 with 0x77C98640 using method 1 ...
2018-05-11T12:56:12:440 [03392] | INFO  | > Succeeded.
2018-05-11T12:56:12:440 [03392] | INFO  | Installing hook for 'GetMessageW' at 0x767F78E2 with 0x77C986E0 using method 1 ...
2018-05-11T12:56:12:440 [03392] | INFO  | > Succeeded.
2018-05-11T12:56:12:440 [03392] | INFO  | Installing hook for 'PeekMessageA' at 0x76807044 with 0x77C98780 using method 1 ...
2018-05-11T12:56:12:441 [03392] | INFO  | > Succeeded.
2018-05-11T12:56:12:441 [03392] | INFO  | Installing hook for 'PeekMessageW' at 0x768005D2 with 0x77C98820 using method 1 ...
2018-05-11T12:56:12:441 [03392] | INFO  | > Succeeded.
2018-05-11T12:56:12:441 [03392] | INFO  | Installing hook for 'PostMessageA' at 0x76804BBC with 0x77C98EF0 using method 1 ...
2018-05-11T12:56:12:441 [03392] | INFO  | > Succeeded.
2018-05-11T12:56:12:441 [03392] | INFO  | Installing hook for 'PostMessageW' at 0x768012BD with 0x77C98F70 using method 1 ...
2018-05-11T12:56:12:441 [03392] | INFO  | > Succeeded.
2018-05-11T12:56:12:441 [03392] | INFO  | Installing hook for 'RegisterClassA' at 0x7680541E with 0x77CDA540 using method 1 ...
2018-05-11T12:56:12:441 [03392] | INFO  | > Succeeded.
2018-05-11T12:56:12:441 [03392] | INFO  | Installing hook for 'RegisterClassExA' at 0x767FDBA8 with 0x77CDA800 using method 1 ...
2018-05-11T12:56:12:441 [03392] | INFO  | > Succeeded.
2018-05-11T12:56:12:441 [03392] | INFO  | Installing hook for 'RegisterClassExW' at 0x767FB185 with 0x77CDA960 using method 1 ...
2018-05-11T12:56:12:441 [03392] | INFO  | > Succeeded.
2018-05-11T12:56:12:441 [03392] | INFO  | Installing hook for 'RegisterClassW' at 0x767F8A65 with 0x77CDA6A0 using method 1 ...
2018-05-11T12:56:12:441 [03392] | INFO  | > Succeeded.
2018-05-11T12:56:12:441 [03392] | INFO  | Installing hook for 'RegisterRawInputDevices' at 0x76858983 with 0x77C988C0 using method 1 ...
2018-05-11T12:56:12:441 [03392] | INFO  | > Succeeded.
2018-05-11T12:56:12:441 [03392] | INFO  | Installing hook for 'SetCursorPos' at 0x76839D84 with 0x77C98FF0 using method 1 ...
2018-05-11T12:56:12:441 [03392] | INFO  | > Succeeded.
2018-05-11T12:56:12:450 [03392] | INFO  | Registering hooks for 'C:\Windows\system32\ws2_32.dll' ...
2018-05-11T12:56:12:451 [03392] | INFO  | > Libraries loaded.
2018-05-11T12:56:12:451 [03392] | INFO  | > Dumping matches in export table:
2018-05-11T12:56:12:451 [03392] | INFO  |   +--------------------+---------+----------------------------------------------------+
2018-05-11T12:56:12:451 [03392] | INFO  |   | Address            | Ordinal | Name                                               |
2018-05-11T12:56:12:451 [03392] | INFO  |   +--------------------+---------+----------------------------------------------------+
2018-05-11T12:56:12:451 [03392] | INFO  |   | 0x751B6DA1         | 87      | WSARecv                                            |
2018-05-11T12:56:12:451 [03392] | INFO  |   | 0x751BE8DE         | 89      | WSARecvFrom                                        |
2018-05-11T12:56:12:451 [03392] | INFO  |   | 0x751B4406         | 92      | WSASend                                            |
2018-05-11T12:56:12:451 [03392] | INFO  |   | 0x751CB38C         | 95      | WSASendTo                                          |
2018-05-11T12:56:12:451 [03392] | INFO  |   | 0x751B6826         | 16      | recv                                               |
2018-05-11T12:56:12:451 [03392] | INFO  |   | 0x751BD414         | 17      | recvfrom                                           |
2018-05-11T12:56:12:451 [03392] | INFO  |   | 0x751B6C19         | 19      | send                                               |
2018-05-11T12:56:12:451 [03392] | INFO  |   | 0x751B34B5         | 20      | sendto                                             |
2018-05-11T12:56:12:451 [03392] | INFO  |   +--------------------+---------+----------------------------------------------------+
2018-05-11T12:56:12:451 [03392] | INFO  | > Found 8 match(es). Installing ...
2018-05-11T12:56:12:451 [03392] | INFO  | Installing hook for 'WSARecv' at 0x751B6DA1 with 0x77CDABF0 using method 1 ...
2018-05-11T12:56:12:451 [03392] | INFO  | > Succeeded.
2018-05-11T12:56:12:451 [03392] | INFO  | Installing hook for 'WSARecvFrom' at 0x751BE8DE with 0x77CDAD00 using method 1 ...
2018-05-11T12:56:12:451 [03392] | INFO  | > Succeeded.
2018-05-11T12:56:12:451 [03392] | INFO  | Installing hook for 'WSASend' at 0x751B4406 with 0x77CDAAC0 using method 1 ...
2018-05-11T12:56:12:451 [03392] | INFO  | > Succeeded.
2018-05-11T12:56:12:451 [03392] | INFO  | Installing hook for 'WSASendTo' at 0x751CB38C with 0x77CDAB50 using method 1 ...
2018-05-11T12:56:12:451 [03392] | INFO  | > Succeeded.
2018-05-11T12:56:12:451 [03392] | INFO  | Installing hook for 'recv' at 0x751B6826 with 0x77CDAE90 using method 1 ...
2018-05-11T12:56:12:451 [03392] | INFO  | > Succeeded.
2018-05-11T12:56:12:451 [03392] | INFO  | Installing hook for 'recvfrom' at 0x751BD414 with 0x77CDAF10 using method 1 ...
2018-05-11T12:56:12:451 [03392] | INFO  | > Succeeded.
2018-05-11T12:56:12:451 [03392] | INFO  | Installing hook for 'send' at 0x751B6C19 with 0x77CDAD90 using method 1 ...
2018-05-11T12:56:12:451 [03392] | INFO  | > Succeeded.
2018-05-11T12:56:12:451 [03392] | INFO  | Installing hook for 'sendto' at 0x751B34B5 with 0x77CDAE10 using method 1 ...
2018-05-11T12:56:12:451 [03392] | INFO  | > Succeeded.
2018-05-11T12:56:12:461 [03392] | INFO  | Initialized.
2018-05-11T12:56:12:463 [03392] | INFO  | Installing delayed hooks for 'C:\Windows\system32\d3d11.dll' (Just loaded via 'LoadLibraryA("d3d11.dll")') ...
2018-05-11T12:56:12:463 [03392] | INFO  | > Dumping matches in export table:
2018-05-11T12:56:12:463 [03392] | INFO  |   +--------------------+---------+----------------------------------------------------+
2018-05-11T12:56:12:463 [03392] | INFO  |   | Address            | Ordinal | Name                                               |
2018-05-11T12:56:12:463 [03392] | INFO  |   +--------------------+---------+----------------------------------------------------+
2018-05-11T12:56:12:463 [03392] | INFO  |   | 0x5F251BB1         | 18      | D3D11CreateDevice                                  |
2018-05-11T12:56:12:463 [03392] | INFO  |   | 0x5F251BE6         | 19      | D3D11CreateDeviceAndSwapChain                      |
2018-05-11T12:56:12:463 [03392] | INFO  |   +--------------------+---------+----------------------------------------------------+
2018-05-11T12:56:12:463 [03392] | INFO  | > Found 2 match(es). Installing ...
2018-05-11T12:56:12:463 [03392] | INFO  | Installing hook for 'D3D11CreateDevice' at 0x5F251BB1 with 0x77C70B80 using method 1 ...
2018-05-11T12:56:12:463 [03392] | INFO  | > Succeeded.
2018-05-11T12:56:12:463 [03392] | INFO  | Installing hook for 'D3D11CreateDeviceAndSwapChain' at 0x5F251BE6 with 0x77C70DC0 using method 1 ...
2018-05-11T12:56:12:463 [03392] | INFO  | > Succeeded.
2018-05-11T12:56:12:473 [03392] | INFO  | Redirecting 'CreateDXGIFactory({7B7166EC-21C7-44AE-B21A-C9AE321AE369}, 0586DE04)' ...
2018-05-11T12:56:12:473 [03392] | INFO  | > Passing on to 'CreateDXGIFactory1':
2018-05-11T12:56:12:473 [03392] | INFO  | Redirecting 'CreateDXGIFactory1({7B7166EC-21C7-44AE-B21A-C9AE321AE369}, 0586DE04)' ...
2018-05-11T12:56:12:474 [03392] | INFO  | Installing export hooks for 'C:\Windows\system32\dxgi.dll' ...
2018-05-11T12:56:12:474 [03392] | INFO  | > Dumping matches in export table:
2018-05-11T12:56:12:474 [03392] | INFO  |   +--------------------+---------+----------------------------------------------------+
2018-05-11T12:56:12:474 [03392] | INFO  |   | Address            | Ordinal | Name                                               |
2018-05-11T12:56:12:474 [03392] | INFO  |   +--------------------+---------+----------------------------------------------------+
2018-05-11T12:56:12:474 [03392] | INFO  |   | 0x5F3D7542         | 20      | CreateDXGIFactory                                  |
2018-05-11T12:56:12:474 [03392] | INFO  |   | 0x5F3D75FB         | 19      | CreateDXGIFactory1                                 |
2018-05-11T12:56:12:474 [03392] | INFO  |   | 0x5F3D604A         | 45      | DXGID3D10CreateDevice                              |
2018-05-11T12:56:12:474 [03392] | INFO  |   | 0x5F3D603D         | 46      | DXGID3D10CreateLayeredDevice                       |
2018-05-11T12:56:12:474 [03392] | INFO  |   | 0x5F3DD6E8         | 48      | DXGID3D10GetLayeredDeviceSize                      |
2018-05-11T12:56:12:474 [03392] | INFO  |   | 0x5F3DD6E8         | 49      | DXGID3D10RegisterLayers                            |
2018-05-11T12:56:12:474 [03392] | INFO  |   +--------------------+---------+----------------------------------------------------+
2018-05-11T12:56:12:474 [03392] | INFO  | > Found 6 match(es). Installing ...
2018-05-11T12:56:12:474 [03392] | INFO  | Installing hook for 'CreateDXGIFactory' at 0x5F3D7542 with 0x77CB4E70 using method 0 ...
2018-05-11T12:56:12:474 [03392] | INFO  | > Succeeded.
2018-05-11T12:56:12:475 [03392] | INFO  | Installing hook for 'CreateDXGIFactory1' at 0x5F3D75FB with 0x77CB4F70 using method 0 ...
2018-05-11T12:56:12:475 [03392] | INFO  | > Succeeded.
2018-05-11T12:56:12:475 [03392] | INFO  | Installing hook for 'DXGID3D10CreateDevice' at 0x5F3D604A with 0x77CB4E30 using method 0 ...
2018-05-11T12:56:12:475 [03392] | INFO  | > Succeeded.
2018-05-11T12:56:12:475 [03392] | INFO  | Installing hook for 'DXGID3D10CreateLayeredDevice' at 0x5F3D603D with 0x77CB4E40 using method 0 ...
2018-05-11T12:56:12:475 [03392] | INFO  | > Succeeded.
2018-05-11T12:56:12:475 [03392] | INFO  | Installing hook for 'DXGID3D10GetLayeredDeviceSize' at 0x5F3DD6E8 with 0x77CB4E30 using method 0 ...
2018-05-11T12:56:12:475 [03392] | INFO  | > Succeeded.
2018-05-11T12:56:12:475 [03392] | INFO  | Installing hook for 'DXGID3D10RegisterLayers' at 0x5F3DD6E8 with 0x77CB4E30 using method 0 ...
2018-05-11T12:56:12:475 [03392] | INFO  | > Succeeded.
2018-05-11T12:56:12:479 [03392] | INFO  | Installing hook for 'IDXGIFactory::CreateSwapChain' at 0x5F3D9992 with 0x77CB3850 using method 2 ...
2018-05-11T12:56:12:479 [03392] | INFO  | > Succeeded.
2018-05-11T12:56:12:479 [03392] | INFO  | Installing hook for 'IDXGIFactory2::CreateSwapChainForHwnd' at 0x5F3D9B37 with 0x77CB3E30 using method 2 ...
2018-05-11T12:56:12:479 [03392] | INFO  | > Succeeded.
2018-05-11T12:56:12:479 [03392] | INFO  | Installing hook for 'IDXGIFactory2::CreateSwapChainForCoreWindow' at 0x5F3D9AAA with 0x77CB43A0 using method 2 ...
2018-05-11T12:56:12:479 [03392] | INFO  | > Succeeded.
2018-05-11T12:56:12:479 [03392] | INFO  | Installing hook for 'IDXGIFactory2::CreateSwapChainForComposition' at 0x5F3D9B09 with 0x77CB48F0 using method 2 ...
2018-05-11T12:56:12:479 [03392] | INFO  | > Succeeded.
2018-05-11T12:56:12:479 [03392] | INFO  | Returning 'IDXGIFactory1' object 00479478
2018-05-11T12:56:12:480 [03392] | INFO  | Redirecting 'D3D11CreateDevice(00462A00, 0, 00000000, 0, 001C8B74, 1, 7, 001C8B78, 001C8BA0, 001C8B7C)' ...
2018-05-11T12:56:12:480 [03392] | INFO  | > Passing on to 'D3D11CreateDeviceAndSwapChain':
2018-05-11T12:56:12:480 [03392] | INFO  | Redirecting 'D3D11CreateDeviceAndSwapChain(00462A00, 0, 00000000, 0, 001C8B74, 1, 7, 00000000, 00000000, 001C8B78, 001C8BA0, 001C8B7C)' ...
2018-05-11T12:56:12:490 [03392] | INFO  | > Using feature level 0xb000.
2018-05-11T12:56:12:490 [03392] | INFO  | Returning 'IDXGIDevice1' object 004968E8
2018-05-11T12:56:12:490 [03392] | INFO  | Returning 'ID3D11Device' object 00449740
2018-05-11T12:56:12:490 [03392] | INFO  | Returning 'ID3D11DeviceContext' object 0048F2B8
2018-05-11T12:56:12:490 [03392] | WARN  | Reference count for 'IDXGIDevice1' object 004968E8 is inconsistent: 2, but expected 1.
2018-05-11T12:56:12:490 [03392] | INFO  | Destroyed 'IDXGIDevice1' object 004968E8.
2018-05-11T12:56:12:490 [03392] | INFO  | Destroyed 'ID3D11DeviceContext' object 0048F2B8.
2018-05-11T12:56:12:495 [03392] | INFO  | Destroyed 'ID3D11Device' object 00449740.
2018-05-11T12:56:12:510 [03392] | INFO  | Redirecting 'CreateDXGIFactory1({770AAE78-F26F-4DBA-A829-253C83D1B387}, 0FF276A4)' ...
2018-05-11T12:56:12:515 [03392] | INFO  | Returning 'IDXGIFactory1' object 00449480
2018-05-11T12:56:12:516 [03392] | INFO  | Redirecting 'D3D11CreateDevice(00443538, 0, 00000000, 0, 001C7A94, 1, 7, 001C7A74, 001C7AA4, 001C7A7C)' ...
2018-05-11T12:56:12:516 [03392] | INFO  | > Passing on to 'D3D11CreateDeviceAndSwapChain':
2018-05-11T12:56:12:516 [03392] | INFO  | Redirecting 'D3D11CreateDeviceAndSwapChain(00443538, 0, 00000000, 0, 001C7A94, 1, 7, 00000000, 00000000, 001C7A74, 001C7AA4, 001C7A7C)' ...
2018-05-11T12:56:12:526 [03392] | INFO  | > Using feature level 0xb000.
2018-05-11T12:56:12:526 [03392] | INFO  | Returning 'IDXGIDevice1' object 0046B9D8
2018-05-11T12:56:12:526 [03392] | INFO  | Returning 'ID3D11Device' object 004498C0
2018-05-11T12:56:12:526 [03392] | INFO  | Returning 'ID3D11DeviceContext' object 0048F328
2018-05-11T12:56:12:530 [03392] | WARN  | Reference count for 'IDXGIDevice1' object 0046B9D8 is inconsistent: 2, but expected 1.
2018-05-11T12:56:12:530 [03392] | INFO  | Destroyed 'IDXGIDevice1' object 0046B9D8.
2018-05-11T12:56:12:530 [03392] | INFO  | Destroyed 'ID3D11DeviceContext' object 0048F328.
2018-05-11T12:56:12:535 [03392] | INFO  | Destroyed 'ID3D11Device' object 004498C0.
2018-05-11T12:56:22:102 [03392] | INFO  | Redirecting 'D3D11CreateDeviceAndSwapChain(00443538, 0, 00000000, 0, 001C9DEC, 1, 7, 001C9DF4, 05D91DCC, 05D91DC8, 001C9DF0, 05D90278)' ...
2018-05-11T12:56:22:113 [03392] | INFO  | > Using feature level 0xb000.
2018-05-11T12:56:22:113 [03392] | INFO  | > Calling 'IDXGIFactory::CreateSwapChain':
2018-05-11T12:56:22:113 [03392] | INFO  | Redirecting 'IDXGIFactory::CreateSwapChain(00449480, 00450210, 001C9DF4, 05D91DCC)' ...
2018-05-11T12:56:22:113 [03392] | INFO  | > Dumping swap chain description:
2018-05-11T12:56:22:113 [03392] | INFO  |   +-----------------------------------------+-----------------------------------------+
2018-05-11T12:56:22:113 [03392] | INFO  |   | Parameter                               | Value                                   |
2018-05-11T12:56:22:113 [03392] | INFO  |   +-----------------------------------------+-----------------------------------------+
2018-05-11T12:56:22:113 [03392] | INFO  |   | Width                                   | 1920                                    |
2018-05-11T12:56:22:113 [03392] | INFO  |   | Height                                  | 1080                                    |
2018-05-11T12:56:22:113 [03392] | INFO  |   | RefreshRate                             | 0                   0                   |
2018-05-11T12:56:22:113 [03392] | INFO  |   | Format                                  | 87                                      |
2018-05-11T12:56:22:113 [03392] | INFO  |   | ScanlineOrdering                        | 0                                       |
2018-05-11T12:56:22:113 [03392] | INFO  |   | Scaling                                 | 0                                       |
2018-05-11T12:56:22:113 [03392] | INFO  |   | SampleCount                             | 1                                       |
2018-05-11T12:56:22:113 [03392] | INFO  |   | SampleQuality                           | 0                                       |
2018-05-11T12:56:22:113 [03392] | INFO  |   | BufferUsage                             | 32                                      |
2018-05-11T12:56:22:113 [03392] | INFO  |   | BufferCount                             | 1                                       |
2018-05-11T12:56:22:113 [03392] | INFO  |   | OutputWindow                            | 002302CA                                |
2018-05-11T12:56:22:113 [03392] | INFO  |   | Windowed                                | TRUE                                    |
2018-05-11T12:56:22:113 [03392] | INFO  |   | SwapEffect                              | 0                                       |
2018-05-11T12:56:22:113 [03392] | INFO  |   | Flags                                   | 0x2                                     |
2018-05-11T12:56:22:113 [03392] | INFO  |   +-----------------------------------------+-----------------------------------------+
2018-05-11T12:56:22:121 [03156] | WARN  | Ignoring 'LoadLibraryA("IPHLPAPI.DLL")' call to avoid possible deadlock.
2018-05-11T12:56:22:133 [03392] | WARN  | Ignoring 'LoadLibraryA("ADVAPI32.dll")' call to avoid possible deadlock.
2018-05-11T12:56:22:133 [03392] | WARN  | Ignoring 'LoadLibraryA("urlmon.dll")' call to avoid possible deadlock.
2018-05-11T12:56:22:138 [02212] | WARN  | Ignoring 'LoadLibraryA("dhcpcsvc.DLL")' call to avoid possible deadlock.
2018-05-11T12:56:22:822 [03392] | INFO  | Starting input capture for window 002302CA ...
2018-05-11T12:56:22:837 [03392] | INFO  | Recreated runtime environment on runtime 06C4A2D8.
2018-05-11T12:56:22:838 [03392] | INFO  | Returning 'IDXGISwapChain' object 06CEB068
2018-05-11T12:56:22:838 [03392] | INFO  | Returning 'IDXGIDevice1' object 0049E8B8
2018-05-11T12:56:22:838 [03392] | INFO  | Returning 'ID3D11Device' object 00450210
2018-05-11T12:56:22:838 [03392] | INFO  | Returning 'ID3D11DeviceContext' object 0047F3D8
2018-05-11T12:56:22:846 [03392] | INFO  | Redirecting 'IDXGISwapChain::ResizeBuffers(06CEB068, 1, 1920, 1080, 87, 0x2)' ...
2018-05-11T12:56:22:846 [03392] | INFO  | Destroyed runtime environment on runtime 06C4A2D8.
2018-05-11T12:56:22:852 [03392] | INFO  | Recreated runtime environment on runtime 06C4A2D8.
2018-05-11T12:56:22:852 [03392] | INFO  | Redirecting 'IDXGISwapChain::SetFullscreenState(06CEB068, FALSE, 00000000)' ...
2018-05-11T12:56:26:373 [05756] | INFO  | Redirecting 'RegisterClassExW(3832FB78)' ...
2018-05-11T12:56:26:373 [05756] | INFO  | > Adding 'CS_OWNDC' window class style flag to 'OWDX9DummyWindowHolderClass'.
2018-05-11T12:56:27:329 [03392] | INFO  | Redirecting 'IDXGISwapChain::ResizeBuffers(06CEB068, 1, 1858, 1058, 87, 0x2)' ...
2018-05-11T12:56:27:329 [03392] | INFO  | Destroyed runtime environment on runtime 06C4A2D8.
2018-05-11T12:56:27:330 [03392] | INFO  | Recreated runtime environment on runtime 06C4A2D8.
2018-05-11T12:56:27:331 [03392] | INFO  | Redirecting 'IDXGISwapChain::SetFullscreenState(06CEB068, FALSE, 00000000)' ...
2018-05-11T12:58:25:042 [03392] | INFO  | Compiling 'D:\EVE\SharedCache\tq\bin\reshade-shaders\shaders\AdaptiveSharpen.fx' ...
2018-05-11T12:58:25:320 [03392] | INFO  | > Successfully compiled.
2018-05-11T12:58:25:347 [03392] | INFO  | Compiling 'D:\EVE\SharedCache\tq\bin\reshade-shaders\shaders\Clarity.fx' ...
2018-05-11T12:58:25:672 [03392] | INFO  | > Successfully compiled.
2018-05-11T12:58:25:699 [03392] | INFO  | Compiling 'D:\EVE\SharedCache\tq\bin\reshade-shaders\shaders\Colourfulness.fx' ...
2018-05-11T12:58:25:726 [03392] | INFO  | > Successfully compiled.
2018-05-11T12:58:25:737 [03392] | INFO  | Compiling 'D:\EVE\SharedCache\tq\bin\reshade-shaders\shaders\FakeHDR.fx' ...
2018-05-11T12:58:25:773 [03392] | INFO  | > Successfully compiled.
2018-05-11T12:58:25:786 [03392] | INFO  | Compiling 'D:\EVE\SharedCache\tq\bin\reshade-shaders\shaders\FXAA.fx' ...
2018-05-11T12:58:25:906 [03392] | INFO  | > Successfully compiled.
2018-05-11T12:58:25:926 [03392] | INFO  | Compiling 'D:\EVE\SharedCache\tq\bin\reshade-shaders\shaders\Levels.fx' ...
2018-05-11T12:58:25:943 [03392] | INFO  | > Successfully compiled.
2018-05-11T12:58:25:958 [03392] | INFO  | Compiling 'D:\EVE\SharedCache\tq\bin\reshade-shaders\shaders\LumaSharpen.fx' ...
2018-05-11T12:58:25:992 [03392] | INFO  | > Successfully compiled.
2018-05-11T12:58:26:001 [03392] | INFO  | Compiling 'D:\EVE\SharedCache\tq\bin\reshade-shaders\shaders\Nostalgia.fx' ...
2018-05-11T12:58:26:032 [03392] | INFO  | > Successfully compiled.
2018-05-11T12:58:26:051 [03392] | INFO  | Compiling 'D:\EVE\SharedCache\tq\bin\reshade-shaders\shaders\Sepia.fx' ...
2018-05-11T12:58:26:062 [03392] | INFO  | > Successfully compiled.
2018-05-11T12:58:26:091 [03392] | INFO  | Compiling 'D:\EVE\SharedCache\tq\bin\reshade-shaders\shaders\SMAA.fx' ...
2018-05-11T12:58:26:295 [03392] | INFO  | > Successfully compiled.
2018-05-11T12:58:26:301 [03392] | INFO  | Compiling 'D:\EVE\SharedCache\tq\bin\reshade-shaders\shaders\UIDetect.fx' ...
2018-05-11T12:58:26:344 [03392] | INFO  | > Successfully compiled.
2018-05-11T12:58:26:351 [03392] | INFO  | Compiling 'D:\EVE\SharedCache\tq\bin\reshade-shaders\shaders\UIMask.fx' ...
2018-05-11T12:58:26:371 [03392] | INFO  | > Successfully compiled.
2018-05-11T12:58:26:391 [03392] | INFO  | Compiling 'D:\EVE\SharedCache\tq\bin\reshade-shaders\shaders\Vibrance.fx' ...
2018-05-11T12:58:26:404 [03392] | INFO  | > Successfully compiled.
2018-05-11T12:58:26:431 [03392] | INFO  | Compiling 'D:\EVE\SharedCache\tq\bin\reshade-shaders\shaders\Vignette.fx' ...
2018-05-11T12:58:26:465 [03392] | INFO  | > Successfully compiled.
2018-05-11T12:58:26:465 [03392] | INFO  | Loading image files for textures ...
2018-05-11T12:58:26:470 [03392] | INFO  | > Resizing image data for texture 'tUIMask_Mask' from 960x540 to 1858x1058 ...
2018-05-11T13:01:40:014 [03392] | INFO  | Compiling 'D:\EVE\SharedCache\tq\bin\reshade-shaders\shaders\AdaptiveSharpen.fx' ...
2018-05-11T13:01:40:291 [03392] | INFO  | > Successfully compiled.
2018-05-11T13:01:40:303 [03392] | INFO  | Compiling 'D:\EVE\SharedCache\tq\bin\reshade-shaders\shaders\Clarity.fx' ...
2018-05-11T13:01:40:628 [03392] | INFO  | > Successfully compiled.
2018-05-11T13:01:40:659 [03392] | INFO  | Compiling 'D:\EVE\SharedCache\tq\bin\reshade-shaders\shaders\Colourfulness.fx' ...
2018-05-11T13:01:40:693 [03392] | INFO  | > Successfully compiled.
2018-05-11T13:01:40:729 [03392] | INFO  | Compiling 'D:\EVE\SharedCache\tq\bin\reshade-shaders\shaders\FakeHDR.fx' ...
2018-05-11T13:01:40:778 [03392] | INFO  | > Successfully compiled.
2018-05-11T13:01:40:788 [03392] | INFO  | Compiling 'D:\EVE\SharedCache\tq\bin\reshade-shaders\shaders\FXAA.fx' ...
2018-05-11T13:01:40:924 [03392] | INFO  | > Successfully compiled.
2018-05-11T13:01:40:949 [03392] | INFO  | Compiling 'D:\EVE\SharedCache\tq\bin\reshade-shaders\shaders\Levels.fx' ...
2018-05-11T13:01:40:972 [03392] | INFO  | > Successfully compiled.
2018-05-11T13:01:40:987 [03392] | INFO  | Compiling 'D:\EVE\SharedCache\tq\bin\reshade-shaders\shaders\LumaSharpen.fx' ...
2018-05-11T13:01:41:037 [03392] | INFO  | > Successfully compiled.
2018-05-11T13:01:41:059 [03392] | INFO  | Compiling 'D:\EVE\SharedCache\tq\bin\reshade-shaders\shaders\Sepia.fx' ...
2018-05-11T13:01:41:070 [03392] | INFO  | > Successfully compiled.
2018-05-11T13:01:41:094 [03392] | INFO  | Compiling 'D:\EVE\SharedCache\tq\bin\reshade-shaders\shaders\Vibrance.fx' ...
2018-05-11T13:01:41:114 [03392] | INFO  | > Successfully compiled.
2018-05-11T13:01:41:131 [03392] | INFO  | Compiling 'D:\EVE\SharedCache\tq\bin\reshade-shaders\shaders\Vignette.fx' ...
2018-05-11T13:01:41:172 [03392] | INFO  | > Successfully compiled.
2018-05-11T13:01:41:172 [03392] | INFO  | Loading image files for textures ...
2018-05-11T13:05:19:765 [03392] | INFO  | Redirecting 'IDXGISwapChain::ResizeBuffers(06CEB068, 1, 1858, 1058, 87, 0x2)' ...
2018-05-11T13:05:19:765 [03392] | INFO  | Destroyed runtime environment on runtime 06C4A2D8.
2018-05-11T13:05:19:841 [03392] | INFO  | Recreated runtime environment on runtime 06C4A2D8.
2018-05-11T13:05:19:847 [03392] | INFO  | Redirecting 'IDXGISwapChain::SetFullscreenState(06CEB068, FALSE, 00000000)' ...
2018-05-11T13:05:19:949 [03392] | INFO  | Compiling 'D:\EVE\SharedCache\tq\bin\reshade-shaders\shaders\AdaptiveSharpen.fx' ...
2018-05-11T13:05:20:248 [03392] | INFO  | > Successfully compiled.
2018-05-11T13:05:20:579 [03392] | INFO  | Compiling 'D:\EVE\SharedCache\tq\bin\reshade-shaders\shaders\Clarity.fx' ...
2018-05-11T13:05:20:910 [03392] | INFO  | > Successfully compiled.
2018-05-11T13:05:20:961 [03392] | INFO  | Compiling 'D:\EVE\SharedCache\tq\bin\reshade-shaders\shaders\Colourfulness.fx' ...
2018-05-11T13:05:20:992 [03392] | INFO  | > Successfully compiled.
2018-05-11T13:05:21:018 [03392] | INFO  | Compiling 'D:\EVE\SharedCache\tq\bin\reshade-shaders\shaders\FakeHDR.fx' ...
2018-05-11T13:05:21:059 [03392] | INFO  | > Successfully compiled.
2018-05-11T13:05:21:071 [03392] | INFO  | Compiling 'D:\EVE\SharedCache\tq\bin\reshade-shaders\shaders\FXAA.fx' ...
2018-05-11T13:05:21:215 [03392] | INFO  | > Successfully compiled.
2018-05-11T13:05:21:239 [03392] | INFO  | Compiling 'D:\EVE\SharedCache\tq\bin\reshade-shaders\shaders\Levels.fx' ...
2018-05-11T13:05:21:279 [03392] | INFO  | > Successfully compiled.
2018-05-11T13:05:21:411 [03392] | INFO  | Compiling 'D:\EVE\SharedCache\tq\bin\reshade-shaders\shaders\LumaSharpen.fx' ...
2018-05-11T13:05:21:483 [03392] | INFO  | > Successfully compiled.
2018-05-11T13:05:21:542 [03392] | INFO  | Compiling 'D:\EVE\SharedCache\tq\bin\reshade-shaders\shaders\Sepia.fx' ...
2018-05-11T13:05:21:558 [03392] | INFO  | > Successfully compiled.
2018-05-11T13:05:21:572 [03392] | INFO  | Compiling 'D:\EVE\SharedCache\tq\bin\reshade-shaders\shaders\Vibrance.fx' ...
2018-05-11T13:05:21:607 [03392] | INFO  | > Successfully compiled.
2018-05-11T13:05:21:625 [03392] | INFO  | Compiling 'D:\EVE\SharedCache\tq\bin\reshade-shaders\shaders\Vignette.fx' ...
2018-05-11T13:05:21:667 [03392] | INFO  | > Successfully compiled.
2018-05-11T13:05:21:667 [03392] | INFO  | Loading image files for textures ...
2018-05-11T13:31:15:288 [03392] | INFO  | Redirecting 'IDXGISwapChain::ResizeBuffers(06CEB068, 1, 1858, 1058, 87, 0x2)' ...
2018-05-11T13:31:15:288 [03392] | INFO  | Destroyed runtime environment on runtime 06C4A2D8.
2018-05-11T13:31:15:417 [03392] | INFO  | Recreated runtime environment on runtime 06C4A2D8.
2018-05-11T13:31:15:421 [03392] | INFO  | Redirecting 'IDXGISwapChain::SetFullscreenState(06CEB068, FALSE, 00000000)' ...
2018-05-11T13:31:15:584 [03392] | INFO  | Compiling 'D:\EVE\SharedCache\tq\bin\reshade-shaders\shaders\AdaptiveSharpen.fx' ...
2018-05-11T13:31:16:647 [03392] | INFO  | > Successfully compiled.
2018-05-11T13:31:16:707 [03392] | INFO  | Compiling 'D:\EVE\SharedCache\tq\bin\reshade-shaders\shaders\Clarity.fx' ...
2018-05-11T13:31:17:051 [03392] | INFO  | > Successfully compiled.
2018-05-11T13:31:17:085 [03392] | INFO  | Compiling 'D:\EVE\SharedCache\tq\bin\reshade-shaders\shaders\Colourfulness.fx' ...
2018-05-11T13:31:17:125 [03392] | INFO  | > Successfully compiled.
2018-05-11T13:31:17:143 [03392] | INFO  | Compiling 'D:\EVE\SharedCache\tq\bin\reshade-shaders\shaders\FakeHDR.fx' ...
2018-05-11T13:31:17:181 [03392] | INFO  | > Successfully compiled.
2018-05-11T13:31:17:209 [03392] | INFO  | Compiling 'D:\EVE\SharedCache\tq\bin\reshade-shaders\shaders\FXAA.fx' ...
2018-05-11T13:31:17:328 [03392] | INFO  | > Successfully compiled.
2018-05-11T13:31:17:342 [03392] | INFO  | Compiling 'D:\EVE\SharedCache\tq\bin\reshade-shaders\shaders\Levels.fx' ...
2018-05-11T13:31:17:365 [03392] | INFO  | > Successfully compiled.
2018-05-11T13:31:17:396 [03392] | INFO  | Compiling 'D:\EVE\SharedCache\tq\bin\reshade-shaders\shaders\LumaSharpen.fx' ...
2018-05-11T13:31:17:441 [03392] | INFO  | > Successfully compiled.
2018-05-11T13:31:17:475 [03392] | INFO  | Compiling 'D:\EVE\SharedCache\tq\bin\reshade-shaders\shaders\Sepia.fx' ...
2018-05-11T13:31:17:494 [03392] | INFO  | > Successfully compiled.
2018-05-11T13:31:17:511 [03392] | INFO  | Compiling 'D:\EVE\SharedCache\tq\bin\reshade-shaders\shaders\Vibrance.fx' ...
2018-05-11T13:31:17:530 [03392] | INFO  | > Successfully compiled.
2018-05-11T13:31:17:546 [03392] | INFO  | Compiling 'D:\EVE\SharedCache\tq\bin\reshade-shaders\shaders\Vignette.fx' ...
2018-05-11T13:31:17:594 [03392] | INFO  | > Successfully compiled.
2018-05-11T13:31:17:595 [03392] | INFO  | Loading image files for textures ...
2018-05-11T13:33:22:057 [03392] | INFO  | Saving screenshot to 'C:\Users\*****\Documents\Screenshots\exefile 2018-05-11 13-33-22.bmp' ...
2018-05-11T13:33:22:057 [03392] | ERROR | Failed to write screenshot to 'C:\Users\*****\Documents\Screenshots\exefile 2018-05-11 13-33-22.bmp'!
2018-05-11T13:33:23:389 [03392] | INFO  | Saving screenshot to 'C:\Users\*****\Documents\Screenshots\exefile 2018-05-11 13-33-23.bmp' ...
2018-05-11T13:33:23:390 [03392] | ERROR | Failed to write screenshot to 'C:\Users\*****\Documents\Screenshots\exefile 2018-05-11 13-33-23.bmp'!
2018-05-11T13:33:37:056 [03392] | INFO  | Saving screenshot to 'C:\Users\*****\Documents\Screenshots\exefile 2018-05-11 13-33-37.bmp' ...
2018-05-11T13:33:37:057 [03392] | ERROR | Failed to write screenshot to 'C:\Users\*****\Documents\Screenshots\exefile 2018-05-11 13-33-37.bmp'!
2018-05-11T13:33:42:918 [03392] | INFO  | Saving screenshot to 'C:\Users\*****\Documents\Screenshots\exefile 2018-05-11 13-33-42.bmp' ...
2018-05-11T13:33:42:919 [03392] | ERROR | Failed to write screenshot to 'C:\Users\*****\Documents\Screenshots\exefile 2018-05-11 13-33-42.bmp'!
2018-05-11T13:34:14:841 [03392] | INFO  | Saving screenshot to 'C:\Users\*****\Documents\Screenshots\exefile 2018-05-11 13-34-14.bmp' ...
2018-05-11T13:34:14:841 [03392] | ERROR | Failed to write screenshot to 'C:\Users\*****\Documents\Screenshots\exefile 2018-05-11 13-34-14.bmp'!
2018-05-11T13:34:58:958 [03392] | INFO  | Saving screenshot to 'C:\Users\*****\Documents\Screenshots\exefile 2018-05-11 13-34-58.bmp' ...
2018-05-11T13:34:58:959 [03392] | ERROR | Failed to write screenshot to 'C:\Users\*****\Documents\Screenshots\exefile 2018-05-11 13-34-58.bmp'!
2018-05-11T13:35:34:490 [03392] | INFO  | Saving screenshot to 'C:\Users\*****\Documents\Screenshots\exefile 2018-05-11 13-35-34.bmp' ...
2018-05-11T13:35:34:490 [03392] | ERROR | Failed to write screenshot to 'C:\Users\*****\Documents\Screenshots\exefile 2018-05-11 13-35-34.bmp'!
2018-05-11T13:35:51:747 [03392] | INFO  | Saving screenshot to 'C:\Users\*****\Documents\Screenshots\exefile 2018-05-11 13-35-51.bmp' ...
2018-05-11T13:35:51:747 [03392] | ERROR | Failed to write screenshot to 'C:\Users\*****\Documents\Screenshots\exefile 2018-05-11 13-35-51.bmp'!
2018-05-11T13:36:26:518 [03392] | INFO  | Saving screenshot to 'C:\Users\*****\Documents\Screenshots\exefile 2018-05-11 13-36-26.bmp' ...
2018-05-11T13:36:26:518 [03392] | ERROR | Failed to write screenshot to 'C:\Users\*****\Documents\Screenshots\exefile 2018-05-11 13-36-26.bmp'!
2018-05-11T13:36:31:750 [03392] | INFO  | Saving screenshot to 'C:\Users\*****\Documents\Screenshots\exefile 2018-05-11 13-36-31.bmp' ...
2018-05-11T13:36:31:750 [03392] | ERROR | Failed to write screenshot to 'C:\Users\*****\Documents\Screenshots\exefile 2018-05-11 13-36-31.bmp'!
2018-05-11T13:36:35:049 [03392] | INFO  | Saving screenshot to 'C:\Users\*****\Documents\Screenshots\exefile 2018-05-11 13-36-35.bmp' ...
2018-05-11T13:36:35:049 [03392] | ERROR | Failed to write screenshot to 'C:\Users\*****\Documents\Screenshots\exefile 2018-05-11 13-36-35.bmp'!
2018-05-11T13:37:10:029 [03392] | INFO  | Saving screenshot to 'C:\Users\*****\Documents\Screenshots\exefile 2018-05-11 13-37-09.bmp' ...
2018-05-11T13:37:10:029 [03392] | ERROR | Failed to write screenshot to 'C:\Users\*****\Documents\Screenshots\exefile 2018-05-11 13-37-09.bmp'!
2018-05-11T13:37:10:121 [03392] | INFO  | Saving screenshot to 'C:\Users\*****\Documents\Screenshots\exefile 2018-05-11 13-37-10.bmp' ...
2018-05-11T13:37:10:121 [03392] | ERROR | Failed to write screenshot to 'C:\Users\*****\Documents\Screenshots\exefile 2018-05-11 13-37-10.bmp'!
2018-05-11T13:38:23:131 [03392] | INFO  | Saving screenshot to 'C:\Users\*****\Documents\Screenshots\exefile 2018-05-11 13-38-23.bmp' ...
2018-05-11T13:38:23:132 [03392] | ERROR | Failed to write screenshot to 'C:\Users\*****\Documents\Screenshots\exefile 2018-05-11 13-38-23.bmp'!
2018-05-11T13:39:12:206 [03392] | INFO  | Saving screenshot to 'C:\Users\*****\Documents\Screenshots\exefile 2018-05-11 13-39-12.bmp' ...
2018-05-11T13:39:12:206 [03392] | ERROR | Failed to write screenshot to 'C:\Users\*****\Documents\Screenshots\exefile 2018-05-11 13-39-12.bmp'!
2018-05-11T13:39:40:531 [03392] | INFO  | Saving screenshot to 'C:\Users\*****\Documents\Screenshots\exefile 2018-05-11 13-39-40.bmp' ...
2018-05-11T13:39:40:532 [03392] | ERROR | Failed to write screenshot to 'C:\Users\*****\Documents\Screenshots\exefile 2018-05-11 13-39-40.bmp'!
2018-05-11T13:40:04:745 [03392] | INFO  | Saving screenshot to 'C:\Users\*****\Documents\Screenshots\exefile 2018-05-11 13-40-04.bmp' ...
2018-05-11T13:40:04:746 [03392] | ERROR | Failed to write screenshot to 'C:\Users\*****\Documents\Screenshots\exefile 2018-05-11 13-40-04.bmp'!
2018-05-11T13:40:36:383 [03392] | INFO  | Saving screenshot to 'C:\Users\*****\Documents\Screenshots\exefile 2018-05-11 13-40-36.bmp' ...
2018-05-11T13:40:36:383 [03392] | ERROR | Failed to write screenshot to 'C:\Users\*****\Documents\Screenshots\exefile 2018-05-11 13-40-36.bmp'!
2018-05-11T13:41:01:048 [03392] | INFO  | Saving screenshot to 'C:\Users\*****\Documents\Screenshots\exefile 2018-05-11 13-41-01.bmp' ...
2018-05-11T13:41:01:049 [03392] | ERROR | Failed to write screenshot to 'C:\Users\*****\Documents\Screenshots\exefile 2018-05-11 13-41-01.bmp'!
2018-05-11T13:41:02:261 [03392] | INFO  | Saving screenshot to 'C:\Users\*****\Documents\Screenshots\exefile 2018-05-11 13-41-02.bmp' ...
2018-05-11T13:41:02:261 [03392] | ERROR | Failed to write screenshot to 'C:\Users\*****\Documents\Screenshots\exefile 2018-05-11 13-41-02.bmp'!
2018-05-11T13:41:31:629 [03392] | INFO  | Saving screenshot to 'C:\Users\*****\Documents\Screenshots\exefile 2018-05-11 13-41-31.bmp' ...
2018-05-11T13:41:31:629 [03392] | ERROR | Failed to write screenshot to 'C:\Users\*****\Documents\Screenshots\exefile 2018-05-11 13-41-31.bmp'!
2018-05-11T13:42:03:116 [03392] | INFO  | Saving screenshot to 'C:\Users\*****\Documents\Screenshots\exefile 2018-05-11 13-42-03.bmp' ...
2018-05-11T13:42:03:117 [03392] | ERROR | Failed to write screenshot to 'C:\Users\*****\Documents\Screenshots\exefile 2018-05-11 13-42-03.bmp'!
2018-05-11T13:49:35:687 [03392] | INFO  | Saving screenshot to 'C:\Users\*****\Documents\Screenshots\exefile 2018-05-11 13-49-35.bmp' ...
2018-05-11T13:49:35:688 [03392] | ERROR | Failed to write screenshot to 'C:\Users\*****\Documents\Screenshots\exefile 2018-05-11 13-49-35.bmp'!
2018-05-11T13:49:51:153 [03392] | INFO  | Saving screenshot to 'C:\Users\*****\Documents\Screenshots\exefile 2018-05-11 13-49-51.bmp' ...
2018-05-11T13:49:51:154 [03392] | ERROR | Failed to write screenshot to 'C:\Users\*****\Documents\Screenshots\exefile 2018-05-11 13-49-51.bmp'!
2018-05-11T13:49:54:556 [03392] | INFO  | Saving screenshot to 'C:\Users\*****\Documents\Screenshots\exefile 2018-05-11 13-49-54.bmp' ...
2018-05-11T13:49:54:557 [03392] | ERROR | Failed to write screenshot to 'C:\Users\*****\Documents\Screenshots\exefile 2018-05-11 13-49-54.bmp'!
2018-05-11T13:50:11:674 [03392] | INFO  | Saving screenshot to 'C:\Users\*****\Documents\Screenshots\exefile 2018-05-11 13-50-11.bmp' ...
2018-05-11T13:50:11:675 [03392] | ERROR | Failed to write screenshot to 'C:\Users\*****\Documents\Screenshots\exefile 2018-05-11 13-50-11.bmp'!
2018-05-11T13:50:38:387 [03392] | INFO  | Saving screenshot to 'C:\Users\*****\Documents\Screenshots\exefile 2018-05-11 13-50-38.bmp' ...
2018-05-11T13:50:38:388 [03392] | ERROR | Failed to write screenshot to 'C:\Users\*****\Documents\Screenshots\exefile 2018-05-11 13-50-38.bmp'!
2018-05-11T13:51:25:420 [03392] | INFO  | Saving screenshot to 'C:\Users\*****\Documents\Screenshots\exefile 2018-05-11 13-51-25.bmp' ...
2018-05-11T13:51:25:420 [03392] | ERROR | Failed to write screenshot to 'C:\Users\*****\Documents\Screenshots\exefile 2018-05-11 13-51-25.bmp'!
2018-05-11T13:51:50:184 [03392] | INFO  | Saving screenshot to 'C:\Users\*****\Documents\Screenshots\exefile 2018-05-11 13-51-50.bmp' ...
2018-05-11T13:51:50:184 [03392] | ERROR | Failed to write screenshot to 'C:\Users\*****\Documents\Screenshots\exefile 2018-05-11 13-51-50.bmp'!
2018-05-11T13:52:02:028 [03392] | INFO  | Saving screenshot to 'C:\Users\*****\Documents\Screenshots\exefile 2018-05-11 13-52-02.bmp' ...
2018-05-11T13:52:02:028 [03392] | ERROR | Failed to write screenshot to 'C:\Users\*****\Documents\Screenshots\exefile 2018-05-11 13-52-02.bmp'!
2018-05-11T13:52:45:922 [03392] | INFO  | Saving screenshot to 'C:\Users\*****\Documents\Screenshots\exefile 2018-05-11 13-52-45.bmp' ...
2018-05-11T13:52:45:922 [03392] | ERROR | Failed to write screenshot to 'C:\Users\*****\Documents\Screenshots\exefile 2018-05-11 13-52-45.bmp'!
2018-05-11T13:53:14:425 [03392] | INFO  | Saving screenshot to 'C:\Users\*****\Documents\Screenshots\exefile 2018-05-11 13-53-14.bmp' ...
2018-05-11T13:53:14:425 [03392] | ERROR | Failed to write screenshot to 'C:\Users\*****\Documents\Screenshots\exefile 2018-05-11 13-53-14.bmp'!
